<?xml version="1.0" encoding="UTF-8"?>
<!-- Generated by org.testng.reporters.JUnitReportReporter -->
<testsuite hostname="DESKTOP-0H5R4VD" failures="0" tests="1" name="demo.SampleTest" time="0.011" errors="0" timestamp="2025-06-20T13:30:13 IST" skipped="0">
  <testcase classname="demo.SampleTest" name="login" time="0.011">
    <system-out>
      <![CDATA[Welcome]]>
    </system-out>
  </testcase> <!-- login -->
  <system-out>
    <![CDATA[Welcome]]>
  </system-out>
</testsuite> <!-- demo.SampleTest -->
