<?xml version="1.0" encoding="UTF-8"?>
<!-- Generated by org.testng.reporters.JUnitReportReporter -->
<testsuite hostname="DESKTOP-0H5R4VD" failures="0" tests="1" name="extentreports.ExtentReportAssignment" time="12.134" errors="0" timestamp="2025-06-25T01:11:25 IST" skipped="0">
  <testcase classname="extentreports.ExtentReportAssignment" name="addScreeshotWithTimeStamp" time="12.134"/>
</testsuite> <!-- extentreports.ExtentReportAssignment -->
