<?xml version="1.0" encoding="UTF-8"?>
<!-- Generated by org.testng.reporters.JUnitReportReporter -->
<testsuite hostname="DESKTOP-0H5R4VD" failures="0" tests="1" name="extentreports.ToLearnExtentReports" time="0.512" errors="0" timestamp="2025-06-23T13:28:38 IST" skipped="0">
  <testcase classname="extentreports.ToLearnExtentReports" name="createReport" time="0.512"/>
</testsuite> <!-- extentreports.ToLearnExtentReports -->
