<?xml version="1.0" encoding="UTF-8"?>
<!-- Generated by org.testng.reporters.JUnitReportReporter -->
<testsuite hostname="DESKTOP-0H5R4VD" failures="0" tests="1" name="extentreports.AddScreenshotIntoReport" time="4.684" errors="0" timestamp="2025-06-23T13:57:05 IST" skipped="0">
  <testcase classname="extentreports.AddScreenshotIntoReport" name="addScreenshot" time="4.684"/>
</testsuite> <!-- extentreports.AddScreenshotIntoReport -->
